app/seeds.txt
com.android.calculator.activities.AboutActivity
com.android.calculator.activities.SettingsActivity$SettingsFragment
com.android.calculator.activities.SettingsActivity
com.android.calculator.AndroidCalculatorApp
com.android.calculator.services.MyTileService
com.android.calculator.activities.MainActivity
com.android.calculator.activities.MainActivity: void degreeButton(android.view.View)
com.android.calculator.activities.MainActivity: void keyDigitPadMappingToDisplay(android.view.View)
com.android.calculator.activities.MainActivity: void subtractButton(android.view.View)
com.android.calculator.activities.MainActivity: void equalsButton(android.view.View)
com.android.calculator.activities.MainActivity: void percent(android.view.View)
com.android.calculator.activities.MainActivity: void openDonation(android.view.MenuItem)
com.android.calculator.activities.MainActivity: void scientistModeSwitchButton(android.view.View)
com.android.calculator.activities.MainActivity: void parenthesesButton(android.view.View)
com.android.calculator.activities.MainActivity: void tangentButton(android.view.View)
com.android.calculator.activities.MainActivity: void squareButton(android.view.View)
com.android.calculator.activities.MainActivity: void backspaceButton(android.view.View)
com.android.calculator.activities.MainActivity: void openAbout(android.view.MenuItem)
com.android.calculator.activities.SettingsActivity$SettingsFragment: SettingsActivity$SettingsFragment()
com.android.calculator.TextSizeAdjuster$AdjustableTextType: com.android.calculator.TextSizeAdjuster$AdjustableTextType[] values()
com.android.calculator.activities.MainActivity: void rightParenthesisButton(android.view.View)
com.android.calculator.activities.MainActivity: void openAppMenu(android.view.View)
com.android.calculator.services.MyTileService: MyTileService()
com.android.calculator.activities.MainActivity: void factorialButton(android.view.View)
com.android.calculator.activities.MainActivity: void invButton(android.view.View)
com.android.calculator.TextSizeAdjuster$AdjustableTextType: com.android.calculator.TextSizeAdjuster$AdjustableTextType valueOf(java.lang.String)
com.android.calculator.util.ScientificModeTypes: com.android.calculator.util.ScientificModeTypes valueOf(java.lang.String)
com.android.calculator.activities.MainActivity: void clearButton(android.view.View)
com.android.calculator.activities.MainActivity: void logarithmButton(android.view.View)
com.android.calculator.activities.MainActivity: void leftParenthesisButton(android.view.View)
com.android.calculator.activities.MainActivity: void naturalLogarithmButton(android.view.View)
com.android.calculator.activities.MainActivity: void eButton(android.view.View)
com.android.calculator.activities.MainActivity: MainActivity()
com.android.calculator.activities.SettingsActivity: SettingsActivity()
com.android.calculator.calculator.parser.NumberingSystem: com.android.calculator.calculator.parser.NumberingSystem valueOf(java.lang.String)
com.android.calculator.activities.MainActivity: void multiplyButton(android.view.View)
com.android.calculator.activities.MainActivity: void log2Button(android.view.View)
com.android.calculator.activities.MainActivity: void piButton(android.view.View)
com.android.calculator.activities.MainActivity: void cosineButton(android.view.View)
com.android.calculator.activities.MainActivity: void clearHistory(android.view.MenuItem)
com.android.calculator.activities.MainActivity: void addButton(android.view.View)
com.android.calculator.activities.MainActivity: void exponentButton(android.view.View)
com.android.calculator.util.ScientificModeTypes: com.android.calculator.util.ScientificModeTypes[] values()
com.android.calculator.activities.AboutActivity: AboutActivity()
com.android.calculator.calculator.parser.NumberingSystem: com.android.calculator.calculator.parser.NumberingSystem[] values()
com.android.calculator.activities.MainActivity: void sineButton(android.view.View)
...
androidx.recyclerview.widget.AsyncListDiffer$1$1: androidx.recyclerview.widget.AsyncListDiffer$1 this$1
com.google.crypto.tink.proto.AesCmacParams: int tagSize_
com.google.crypto.tink.proto.KmsEnvelopeAeadKey: int version_
androidx.recyclerview.widget.StaggeredGridLayoutManager: int VERTICAL
com.google.crypto.tink.proto.KmsAeadKeyFormat: int KEY_URI_FIELD_NUMBER
androidx.activity.ComponentActivity: androidx.lifecycle.LifecycleRegistry mLifecycleRegistry
androidx.preference.PreferenceManager: androidx.preference.PreferenceManager$OnDisplayPreferenceDialogListener mOnDisplayPreferenceDialogListener
androidx.recyclerview.widget.SnapHelper$2: androidx.recyclerview.widget.SnapHelper this$0
androidx.fragment.app.DialogFragment: java.lang.String SAVED_SHOWS_DIALOG
androidx.recyclerview.widget.TileList: int mTileSize
androidx.activity.result.IntentSenderRequest: android.os.Parcelable$Creator CREATOR
androidx.appcompat.app.AppCompatActivity: androidx.appcompat.app.AppCompatDelegate mDelegate
androidx.recyclerview.widget.LinearSmoothScroller: int TARGET_SEEK_SCROLL_DISTANCE_PX
kotlin.jvm.internal.LongCompanionObject: int SIZE_BYTES
androidx.recyclerview.widget.RecyclerView$LayoutParams: boolean mPendingInvalidate
com.google.crypto.tink.proto.AesCtrHmacAeadKeyFormat: int AES_CTR_KEY_FORMAT_FIELD_NUMBER
androidx.preference.Preference: androidx.preference.PreferenceManager mPreferenceManager
androidx.fragment.app.Fragment: androidx.lifecycle.MutableLiveData mViewLifecycleOwnerLiveData
androidx.recyclerview.widget.RecyclerView: java.lang.String TRACE_HANDLE_ADAPTER_UPDATES_TAG
kotlin.jvm.internal.Reflection: kotlin.reflect.KClass[] EMPTY_K_CLASS_ARRAY
androidx.fragment.app.Fragment: boolean mInLayout
androidx.recyclerview.widget.DividerItemDecoration: android.graphics.Rect mBounds
androidx.preference.R$styleable: int PreferenceImageView_maxWidth
androidx.constraintlayout.widget.ConstraintLayout: java.lang.String TAG
androidx.recyclerview.widget.GridLayoutManager$SpanSizeLookup: android.util.SparseIntArray mSpanIndexCache
kotlinx.coroutines.flow.StateFlowImpl: java.lang.Object _state
com.google.crypto.tink.proto.HmacKeyFormat: int PARAMS_FIELD_NUMBER
androidx.preference.Preference: androidx.preference.Preference$SummaryProvider mSummaryProvider
androidx.recyclerview.widget.MessageThreadUtil$1$1: androidx.recyclerview.widget.MessageThreadUtil$1 this$1
androidx.preference.R$styleable: int Preference_android_defaultValue
androidx.preference.Preference: boolean mAllowDividerBelow
com.google.crypto.tink.proto.AesCmacKey: com.google.crypto.tink.proto.AesCmacParams params_
com.google.crypto.tink.proto.AesCtrParams: com.google.crypto.tink.shaded.protobuf.Parser PARSER
kotlinx.coroutines.internal.ResizableAtomicArray: java.util.concurrent.atomic.AtomicReferenceArray array
androidx.recyclerview.widget.FastScroller$1: androidx.recyclerview.widget.FastScroller this$0
androidx.recyclerview.widget.StaggeredGridLayoutManager: boolean DEBUG
androidx.preference.R$styleable: int Preference_singleLineTitle
androidx.preference.R$style: int Preference_Category_Material
androidx.slidingpanelayout.widget.SlidingPaneLayout$SavedState: android.os.Parcelable$Creator CREATOR
kotlin.jvm.internal.ShortSpreadBuilder: short[] values
androidx.fragment.app.Fragment: int CREATED
com.google.crypto.tink.proto.KeysetInfo: com.google.crypto.tink.shaded.protobuf.Parser PARSER
androidx.preference.PreferenceManager: int STORAGE_DEFAULT
com.google.crypto.tink.proto.Keyset$Key: int STATUS_FIELD_NUMBER
com.google.crypto.tink.proto.EncryptedKeyset: com.google.crypto.tink.proto.KeysetInfo keysetInfo_
androidx.preference.PreferenceManager: int STORAGE_DEVICE_PROTECTED
androidx.preference.R$styleable: int SeekBarPreference_android_max
com.google.crypto.tink.proto.AesGcmKey: com.google.crypto.tink.proto.AesGcmKey DEFAULT_INSTANCE
androidx.preference.R$styleable: int[] ListPreference
androidx.recyclerview.widget.AsyncListUtil$1: androidx.recyclerview.widget.AsyncListUtil this$0