app/usage.txt
com.android.calculator.AndroidCalculatorApp:
    public static final int $stable
com.android.calculator.BuildConfig
com.android.calculator.MyPreferences:
    private static final java.lang.String FORCE_DAY_NIGHT
    private static final java.lang.String KEY_ADD_MODULO_BUTTON
    private static final java.lang.String KEY_AUTO_SAVE_CALCULATION_WITHOUT_EQUAL_BUTTON
    private static final java.lang.String KEY_DELETE_HISTORY_ON_SWIPE
    private static final java.lang.String KEY_HISTORY
    private static final java.lang.String KEY_HISTORY_SIZE
    private static final java.lang.String KEY_LONG_CLICK_TO_COPY_VALUE
    private static final java.lang.String KEY_NUMBERING_SYSTEM
    private static final java.lang.String KEY_NUMBER_PRECISION
    private static final java.lang.String KEY_PREVENT_PHONE_FROM_SLEEPING
    private static final java.lang.String KEY_RADIANS_INSTEAD_OF_DEGREES_BY_DEFAULT
    private static final java.lang.String KEY_SCIENTIFIC_MODE_ENABLED_BY_DEFAULT
    private static final java.lang.String KEY_SHOW_ON_LOCK_SCREEN
    private static final java.lang.String KEY_SPLIT_PARENTHESIS_BUTTON
    private static final java.lang.String KEY_VIBRATION_STATUS
    private static final java.lang.String KEY_WRITE_NUMBER_INTO_SCIENTIC_NOTATION
    private static final java.lang.String THEME
    public final android.content.Context getCtx()
    public final void setAddModuloButton(boolean)
    public final void setAutoSaveCalculationWithoutEqualButton(boolean)
    public final void setCtx(android.content.Context)
    public final void setDeleteHistoryOnSwipe(boolean)
com.android.calculator.R$anim
com.android.calculator.R$animator
com.android.calculator.R$array
com.android.calculator.R$attr
com.android.calculator.R$bool
com.android.calculator.R$color
com.android.calculator.R$dimen
com.android.calculator.R$drawable
com.android.calculator.R$id
com.android.calculator.R$integer
com.android.calculator.R$interpolator
com.android.calculator.R$layout
com.android.calculator.R$menu
com.android.calculator.R$mipmap
com.android.calculator.R$plurals
com.android.calculator.R$string
com.android.calculator.R$style
com.android.calculator.R$styleable
com.android.calculator.R$xml
com.android.calculator.R
com.android.calculator.TextSizeAdjuster$AdjustableTextType:
    public static kotlin.enums.EnumEntries getEntries()
com.android.calculator.Themes$Companion:
    public final void openStyleSelector(android.content.Context)
    public final void openThemeSelector(android.content.Context)
com.android.calculator.Themes:
    private static final int AMOLED_STYLE_INDEX
    private static final int AMOLED_THEME_INDEX
    private static final int DARK_STYLE_INDEX
    private static final int DEFAULT_THEME_INDEX
    private static final int LIGHT_STYLE_INDEX
    private static final int MATERIAL_YOU_THEME_INDEX
    private static final int SYSTEM_STYLE_INDEX
    public final java.lang.String getThemeNameFromId(int)
com.android.calculator.activities.AboutActivity:
    private final void shareApp()
com.android.calculator.activities.MainActivity:
    public final void switchTestingScenario(java.lang.String)
com.android.calculator.activities.SettingsActivity$SettingsFragment:
    public static final int $stable
com.android.calculator.activities.SettingsActivity:
    public static final int $stable
com.android.calculator.calculator.Calculator$evaluate$1:
    public final int getCh()
    public final int getPos()
    public final void setCh(int)
    public final void setPos(int)
com.android.calculator.calculator.Calculator:
    public static final int $stable
com.android.calculator.calculator.parser.Expression:
    public static final int $stable
...
com.sothree.slidinguppanel.SlidingUpPanelLayout$WhenMappings
com.sothree.slidinguppanel.SlidingUpPanelLayout:
    public static void addPanelSlideListener()
    public static void dispatchOnPanelSlide()
    public static void dispatchOnPanelStateChanged()
    public static boolean hasOpaqueBackground()
    public final void setAllChildrenVisible()
com.sothree.slidinguppanel.ViewDragHelper$Callback
com.sothree.slidinguppanel.ViewDragHelper$Companion
com.sothree.slidinguppanel.ViewDragHelper:
    public static final com.sothree.slidinguppanel.ViewDragHelper$Companion Companion
    public int pointersDown
    public int trackingEdges
    public static void captureChildView()
    public final void checkNewEdgeDrag(float,float,int)
    public final boolean checkTouchSlop(android.view.View,float)
    public static float clampMag(float,float,float)
    public static int clampMag(int,int,int)
    public static boolean continueSettling()
    public static int getTouchSlop()
    public static int getViewDragState()
    public static boolean isCapturedViewUnder()
    public final boolean isDragging()
    public static boolean isViewUnder()
    public final void reportNewEdgeDrags(float,float,int)
    public static void setMinVelocity()
    public static boolean settleCapturedViewAt()
    public static boolean shouldInterceptTouchEvent()
    public static boolean smoothSlideViewTo()
com.sothree.slidinguppanel.canvasSaveProxy.AndroidPCanvasSaveProxy$Companion
com.sothree.slidinguppanel.canvasSaveProxy.AndroidPCanvasSaveProxy:
    public static final com.sothree.slidinguppanel.canvasSaveProxy.AndroidPCanvasSaveProxy$Companion Companion
    public static final java.lang.String TAG
    static void <clinit>()
com.sothree.slidinguppanel.canvasSaveProxy.CanvasSaveProxyFactory:
    public static com.sothree.slidinguppanel.canvasSaveProxy.CanvasSaveProxy create()
com.sothree.slidinguppanel.canvasSaveProxy.LegacyCanvasSaveProxy$Companion
com.sothree.slidinguppanel.canvasSaveProxy.LegacyCanvasSaveProxy:
    public static final com.sothree.slidinguppanel.canvasSaveProxy.LegacyCanvasSaveProxy$Companion Companion
    public static final java.lang.String TAG
    static void <clinit>()
com.sothree.slidinguppanel.library.R$drawable
com.sothree.slidinguppanel.library.R$styleable:
    public static final int[] Capability
    public static final int[] ColorStateListItem
    public static final int[] FontFamily
    public static final int[] FontFamilyFont
    public static final int[] GradientColor
    public static final int[] GradientColorItem
    public static final int[] RecyclerView
    public static final int SlidingUpPanelLayout_umanoAboveShadowStyle
    public static final int SlidingUpPanelLayout_umanoAnchorPoint
    public static final int SlidingUpPanelLayout_umanoBelowShadowStyle
    public static final int SlidingUpPanelLayout_umanoClipPanel
    public static final int SlidingUpPanelLayout_umanoDragView
    public static final int SlidingUpPanelLayout_umanoFadeColor
    public static final int SlidingUpPanelLayout_umanoFlingVelocity
    public static final int SlidingUpPanelLayout_umanoInitialState
    public static final int SlidingUpPanelLayout_umanoMaxSlidingOffset
    public static final int SlidingUpPanelLayout_umanoOverlay
    public static final int SlidingUpPanelLayout_umanoPanelHeight
    public static final int SlidingUpPanelLayout_umanoParallaxOffset
    public static final int SlidingUpPanelLayout_umanoScrollInterpolator
    public static final int SlidingUpPanelLayout_umanoScrollableView
    public static final int SlidingUpPanelLayout_umanoShadowHeight
com.sothree.slidinguppanel.positionhelper.ScrollPositionHelper
com.sothree.slidinguppanel.positionhelper.impl.AbstractScrollPositionHelper:
    public abstract int getPosition()
com.sothree.slidinguppanel.positionhelper.impl.ListViewScrollPositionHelper:
    public static int getPosition$1()